Flow report for sumador_completo
Fri Nov 03 14:43:02 2023
Quartus II 64-Bit Version 13.0.1 Build 232 06/12/2013 Service Pack 1 SJ Web Edition


---------------------
; Table of Contents ;
---------------------
  1. Legal Notice
  2. Flow Summary
  3. Flow Settings
  4. Flow Non-Default Global Settings
  5. Flow Elapsed Time
  6. Flow OS Summary
  7. Flow Log
  8. Flow Messages
  9. Flow Suppressed Messages



----------------
; Legal Notice ;
----------------
Copyright (C) 1991-2013 Altera Corporation
Your use of Altera Corporation's design tools, logic functions 
and other software and tools, and its AMPP partner logic 
functions, and any output files from any of the foregoing 
(including device programming or simulation files), and any 
associated documentation or information are expressly subject 
to the terms and conditions of the Altera Program License 
Subscription Agreement, Altera MegaCore Function License 
Agreement, or other applicable license agreement, including, 
without limitation, that your use is for the sole purpose of 
programming logic devices manufactured by Altera and sold by 
Altera or its authorized distributors.  Please refer to the 
applicable agreement for further details.



+--------------------------------------------------------------------------------------+
; Flow Summary                                                                         ;
+------------------------------------+-------------------------------------------------+
; Flow Status                        ; Successful - Fri Nov 03 14:43:02 2023           ;
; Quartus II 64-Bit Version          ; 13.0.1 Build 232 06/12/2013 SP 1 SJ Web Edition ;
; Revision Name                      ; sumador_completo                                ;
; Top-level Entity Name              ; sumador_completo_ffD                            ;
; Family                             ; Cyclone III                                     ;
; Device                             ; EP3C120F780C7                                   ;
; Timing Models                      ; Final                                           ;
; Total logic elements               ; 5 / 119,088 ( < 1 % )                           ;
;     Total combinational functions  ; 2 / 119,088 ( < 1 % )                           ;
;     Dedicated logic registers      ; 5 / 119,088 ( < 1 % )                           ;
; Total registers                    ; 5                                               ;
; Total pins                         ; 6 / 532 ( 1 % )                                 ;
; Total virtual pins                 ; 0                                               ;
; Total memory bits                  ; 0 / 3,981,312 ( 0 % )                           ;
; Embedded Multiplier 9-bit elements ; 0 / 576 ( 0 % )                                 ;
; Total PLLs                         ; 0 / 4 ( 0 % )                                   ;
+------------------------------------+-------------------------------------------------+


+-----------------------------------------+
; Flow Settings                           ;
+-------------------+---------------------+
; Option            ; Setting             ;
+-------------------+---------------------+
; Start date & time ; 11/03/2023 14:35:38 ;
; Main task         ; Compilation         ;
; Revision Name     ; sumador_completo    ;
+-------------------+---------------------+


+----------------------------------------------------------------------------------------------------------------------------------+
; Flow Non-Default Global Settings                                                                                                 ;
+-------------------------------------+---------------------------------+------------------+----------------------+----------------+
; Assignment Name                     ; Value                           ; Default Value    ; Entity Name          ; Section Id     ;
+-------------------------------------+---------------------------------+------------------+----------------------+----------------+
; COMPILER_SIGNATURE_ID               ; 159387612757700.169903293800912 ; --               ; --                   ; --             ;
; EDA_GENERATE_FUNCTIONAL_NETLIST     ; On                              ; --               ; --                   ; eda_simulation ;
; EDA_OUTPUT_DATA_FORMAT              ; Verilog Hdl                     ; --               ; --                   ; eda_simulation ;
; EDA_SIMULATION_TOOL                 ; ModelSim-Altera (Verilog)       ; <None>           ; --                   ; --             ;
; MAX_CORE_JUNCTION_TEMP              ; 85                              ; --               ; --                   ; --             ;
; MIN_CORE_JUNCTION_TEMP              ; 0                               ; --               ; --                   ; --             ;
; NOMINAL_CORE_SUPPLY_VOLTAGE         ; 1.2V                            ; --               ; --                   ; --             ;
; PARTITION_COLOR                     ; 16764057                        ; --               ; sumador_completo_ffD ; Top            ;
; PARTITION_FITTER_PRESERVATION_LEVEL ; PLACEMENT_AND_ROUTING           ; --               ; sumador_completo_ffD ; Top            ;
; PARTITION_NETLIST_TYPE              ; SOURCE                          ; --               ; sumador_completo_ffD ; Top            ;
; PROJECT_OUTPUT_DIRECTORY            ; output_files                    ; --               ; --                   ; --             ;
; TOP_LEVEL_ENTITY                    ; sumador_completo_ffD            ; sumador_completo ; --                   ; --             ;
+-------------------------------------+---------------------------------+------------------+----------------------+----------------+


+-------------------------------------------------------------------------------------------------------------------------------+
; Flow Elapsed Time                                                                                                             ;
+---------------------------+--------------+-------------------------+---------------------+------------------------------------+
; Module Name               ; Elapsed Time ; Average Processors Used ; Peak Virtual Memory ; Total CPU Time (on all processors) ;
+---------------------------+--------------+-------------------------+---------------------+------------------------------------+
; Analysis & Synthesis      ; 00:00:02     ; 1.0                     ; 477 MB              ; 00:00:02                           ;
; Fitter                    ; 00:00:20     ; 1.0                     ; 833 MB              ; 00:00:20                           ;
; Assembler                 ; 00:00:05     ; 1.0                     ; 410 MB              ; 00:00:05                           ;
; TimeQuest Timing Analyzer ; 00:00:02     ; 1.0                     ; 491 MB              ; 00:00:02                           ;
; EDA Netlist Writer        ; 00:00:00     ; 1.0                     ; 367 MB              ; 00:00:01                           ;
; EDA Netlist Writer        ; 00:00:01     ; 1.0                     ; 375 MB              ; 00:00:01                           ;
; EDA Netlist Writer        ; 00:00:01     ; 1.0                     ; 375 MB              ; 00:00:01                           ;
; EDA Netlist Writer        ; 00:00:01     ; 1.0                     ; 375 MB              ; 00:00:01                           ;
; EDA Netlist Writer        ; 00:00:01     ; 1.0                     ; 391 MB              ; 00:00:01                           ;
; Total                     ; 00:00:33     ; --                      ; --                  ; 00:00:34                           ;
+---------------------------+--------------+-------------------------+---------------------+------------------------------------+


+----------------------------------------------------------------------------------------+
; Flow OS Summary                                                                        ;
+---------------------------+------------------+-----------+------------+----------------+
; Module Name               ; Machine Hostname ; OS Name   ; OS Version ; Processor type ;
+---------------------------+------------------+-----------+------------+----------------+
; Analysis & Synthesis      ; User-PC          ; Windows 7 ; 6.1        ; x86_64         ;
; Fitter                    ; User-PC          ; Windows 7 ; 6.1        ; x86_64         ;
; Assembler                 ; User-PC          ; Windows 7 ; 6.1        ; x86_64         ;
; TimeQuest Timing Analyzer ; User-PC          ; Windows 7 ; 6.1        ; x86_64         ;
; EDA Netlist Writer        ; User-PC          ; Windows 7 ; 6.1        ; x86_64         ;
; EDA Netlist Writer        ; User-PC          ; Windows 7 ; 6.1        ; x86_64         ;
; EDA Netlist Writer        ; User-PC          ; Windows 7 ; 6.1        ; x86_64         ;
; EDA Netlist Writer        ; User-PC          ; Windows 7 ; 6.1        ; x86_64         ;
; EDA Netlist Writer        ; User-PC          ; Windows 7 ; 6.1        ; x86_64         ;
+---------------------------+------------------+-----------+------------+----------------+


------------
; Flow Log ;
------------
quartus_map --read_settings_files=on --write_settings_files=off sumador_completo -c sumador_completo
quartus_fit --read_settings_files=off --write_settings_files=off sumador_completo -c sumador_completo
quartus_asm --read_settings_files=off --write_settings_files=off sumador_completo -c sumador_completo
quartus_sta sumador_completo -c sumador_completo
quartus_eda --read_settings_files=off --write_settings_files=off sumador_completo -c sumador_completo
quartus_eda --gen_testbench --check_outputs=on --tool=modelsim_oem --format=verilog sumador_completo -c sumador_completo --vector_source="C:/Users/User/Documents/Proyectos Quartus/TyDD2_Guias/parteB/Waveform_sumador_completo_ffD.vwf" --testbench_file=./simulation/qsim/sumador_completo.vt
quartus_eda --functional=on --simulation=on --tool=modelsim_oem --format=verilog sumador_completo -c sumador_completo
quartus_eda --gen_testbench --check_outputs=on --tool=modelsim_oem --format=verilog sumador_completo -c sumador_completo --vector_source="C:/Users/User/Documents/Proyectos Quartus/TyDD2_Guias/parteB/Waveform_sumador_completo_ffD.vwf" --testbench_file=./simulation/qsim/sumador_completo.vt
quartus_eda --functional=off --timescale=1ps --simulation=on --tool=modelsim_oem --format=verilog sumador_completo -c sumador_completo



